<?xml version="1.0" encoding="UTF-8"?>
<!-- Generated by org.testng.reporters.JUnitXMLReporter -->
<testsuite ignored="42" hostname="DESKTOP-AJNVIH5" failures="0" tests="1" name="Default test(failed)" time="21.588" errors="0" timestamp="2024-03-20T14:23:18 IST">
  <testcase classname="org.doocti.AdminTestCase.ConfigurationTest" name="configTC007" time="3.463"/>
  <testcase classname="org.doocti.AdminTestCase.ConfigurationTest" name="configTC042" time="0.0">
    <ignored/>
  </testcase> <!-- configTC042 -->
  <testcase classname="org.doocti.AdminTestCase.ConfigurationTest" name="configTC020" time="0.0">
    <ignored/>
  </testcase> <!-- configTC020 -->
  <testcase classname="org.doocti.AdminTestCase.ConfigurationTest" name="configTC021" time="0.0">
    <ignored/>
  </testcase> <!-- configTC021 -->
  <testcase classname="org.doocti.AdminTestCase.ConfigurationTest" name="configTC043" time="0.0">
    <ignored/>
  </testcase> <!-- configTC043 -->
  <testcase classname="org.doocti.AdminTestCase.ConfigurationTest" name="configTC041" time="0.0">
    <ignored/>
  </testcase> <!-- configTC041 -->
  <testcase classname="org.doocti.AdminTestCase.ConfigurationTest" name="configTC044" time="0.0">
    <ignored/>
  </testcase> <!-- configTC044 -->
  <testcase classname="org.doocti.AdminTestCase.ConfigurationTest" name="configTC022" time="0.0">
    <ignored/>
  </testcase> <!-- configTC022 -->
  <testcase classname="org.doocti.AdminTestCase.ConfigurationTest" name="configTC017" time="0.0">
    <ignored/>
  </testcase> <!-- configTC017 -->
  <testcase classname="org.doocti.AdminTestCase.ConfigurationTest" name="configTC039" time="0.0">
    <ignored/>
  </testcase> <!-- configTC039 -->
  <testcase classname="org.doocti.AdminTestCase.ConfigurationTest" name="configTC018" time="0.0">
    <ignored/>
  </testcase> <!-- configTC018 -->
  <testcase classname="org.doocti.AdminTestCase.ConfigurationTest" name="configTC016" time="0.0">
    <ignored/>
  </testcase> <!-- configTC016 -->
  <testcase classname="org.doocti.AdminTestCase.ConfigurationTest" name="configTC038" time="0.0">
    <ignored/>
  </testcase> <!-- configTC038 -->
  <testcase classname="org.doocti.AdminTestCase.ConfigurationTest" name="configTC035" time="0.0">
    <ignored/>
  </testcase> <!-- configTC035 -->
  <testcase classname="org.doocti.AdminTestCase.ConfigurationTest" name="configTC013" time="0.0">
    <ignored/>
  </testcase> <!-- configTC013 -->
  <testcase classname="org.doocti.AdminTestCase.ConfigurationTest" name="configTC014" time="0.0">
    <ignored/>
  </testcase> <!-- configTC014 -->
  <testcase classname="org.doocti.AdminTestCase.ConfigurationTest" name="configTC036" time="0.0">
    <ignored/>
  </testcase> <!-- configTC036 -->
  <testcase classname="org.doocti.AdminTestCase.ConfigurationTest" name="configTC019" time="0.0">
    <ignored/>
  </testcase> <!-- configTC019 -->
  <testcase classname="org.doocti.AdminTestCase.ConfigurationTest" name="configTC034" time="0.0">
    <ignored/>
  </testcase> <!-- configTC034 -->
  <testcase classname="org.doocti.AdminTestCase.ConfigurationTest" name="configTC012" time="0.0">
    <ignored/>
  </testcase> <!-- configTC012 -->
  <testcase classname="org.doocti.AdminTestCase.ConfigurationTest" name="configTC015" time="0.0">
    <ignored/>
  </testcase> <!-- configTC015 -->
  <testcase classname="org.doocti.AdminTestCase.ConfigurationTest" name="configTC037" time="0.0">
    <ignored/>
  </testcase> <!-- configTC037 -->
  <testcase classname="org.doocti.AdminTestCase.ConfigurationTest" name="configTC031" time="0.0">
    <ignored/>
  </testcase> <!-- configTC031 -->
  <testcase classname="org.doocti.AdminTestCase.ConfigurationTest" name="configTC010" time="0.0">
    <ignored/>
  </testcase> <!-- configTC010 -->
  <testcase classname="org.doocti.AdminTestCase.ConfigurationTest" name="configTC032" time="0.0">
    <ignored/>
  </testcase> <!-- configTC032 -->
  <testcase classname="org.doocti.AdminTestCase.ConfigurationTest" name="configTC030" time="0.0">
    <ignored/>
  </testcase> <!-- configTC030 -->
  <testcase classname="org.doocti.AdminTestCase.ConfigurationTest" name="configTC033" time="0.0">
    <ignored/>
  </testcase> <!-- configTC033 -->
  <testcase classname="org.doocti.AdminTestCase.ConfigurationTest" name="configTC011" time="0.0">
    <ignored/>
  </testcase> <!-- configTC011 -->
  <testcase classname="org.doocti.AdminTestCase.ConfigurationTest" name="configTC028" time="0.0">
    <ignored/>
  </testcase> <!-- configTC028 -->
  <testcase classname="org.doocti.AdminTestCase.ConfigurationTest" name="configTC029" time="0.0">
    <ignored/>
  </testcase> <!-- configTC029 -->
  <testcase classname="org.doocti.AdminTestCase.ConfigurationTest" name="configTC040" time="0.0">
    <ignored/>
  </testcase> <!-- configTC040 -->
  <testcase classname="org.doocti.AdminTestCase.ConfigurationTest" name="configTC027" time="0.0">
    <ignored/>
  </testcase> <!-- configTC027 -->
  <testcase classname="org.doocti.AdminTestCase.ConfigurationTest" name="configTC049" time="0.0">
    <ignored/>
  </testcase> <!-- configTC049 -->
  <testcase classname="org.doocti.AdminTestCase.ConfigurationTest" name="configTC046" time="0.0">
    <ignored/>
  </testcase> <!-- configTC046 -->
  <testcase classname="org.doocti.AdminTestCase.ConfigurationTest" name="configTC024" time="0.0">
    <ignored/>
  </testcase> <!-- configTC024 -->
  <testcase classname="org.doocti.AdminTestCase.ConfigurationTest" name="configTC047" time="0.0">
    <ignored/>
  </testcase> <!-- configTC047 -->
  <testcase classname="org.doocti.AdminTestCase.ConfigurationTest" name="configTC025" time="0.0">
    <ignored/>
  </testcase> <!-- configTC025 -->
  <testcase classname="org.doocti.AdminTestCase.ConfigurationTest" name="configTC008" time="0.0">
    <ignored/>
  </testcase> <!-- configTC008 -->
  <testcase classname="org.doocti.AdminTestCase.ConfigurationTest" name="configTC045" time="0.0">
    <ignored/>
  </testcase> <!-- configTC045 -->
  <testcase classname="org.doocti.AdminTestCase.ConfigurationTest" name="configTC023" time="0.0">
    <ignored/>
  </testcase> <!-- configTC023 -->
  <testcase classname="org.doocti.AdminTestCase.ConfigurationTest" name="configTC026" time="0.0">
    <ignored/>
  </testcase> <!-- configTC026 -->
  <testcase classname="org.doocti.AdminTestCase.ConfigurationTest" name="configTC048" time="0.0">
    <ignored/>
  </testcase> <!-- configTC048 -->
  <testcase classname="org.doocti.AdminTestCase.ConfigurationTest" name="configTC009" time="0.0">
    <ignored/>
  </testcase> <!-- configTC009 -->
</testsuite> <!-- Default test(failed) -->
