<?xml version="1.0" encoding="UTF-8"?>
<!-- Generated by org.testng.reporters.JUnitXMLReporter -->
<testsuite ignored="17" hostname="DESKTOP-AJNVIH5" failures="1" tests="15" name="Config Test" time="60.888" errors="0" timestamp="2024-03-19T17:38:06 IST">
  <testcase classname="org.doocti.AdminTestCase.ConfigurationTest" name="configTC007" time="2.328"/>
  <testcase classname="org.doocti.AdminTestCase.ConfigurationTest" name="configTC008" time="3.586"/>
  <testcase classname="org.doocti.AdminTestCase.ConfigurationTest" name="configTC010" time="2.66"/>
  <testcase classname="org.doocti.AdminTestCase.ConfigurationTest" name="configTC011" time="2.408"/>
  <testcase classname="org.doocti.AdminTestCase.ConfigurationTest" name="configTC012" time="3.088"/>
  <testcase classname="org.doocti.AdminTestCase.ConfigurationTest" name="configTC013" time="4.183">
    <failure type="java.lang.AssertionError" message="Not Created...! expected [true] but found [false]">
      <![CDATA[java.lang.AssertionError: Not Created...! expected [true] but found [false]
at org.doocti.seleniumbase.SeleniumBase.createAssert(SeleniumBase.java:298)
at org.doocti.AdminTestCase.ConfigurationTest.configTC013(ConfigurationTest.java:145)
at java.base/java.util.ArrayList.forEach(ArrayList.java:1511)
... Removed 30 stack frames]]>
    </failure>
  </testcase> <!-- configTC013 -->
  <testcase classname="org.doocti.AdminTestCase.ConfigurationTest" name="configTC014" time="2.949"/>
  <testcase classname="org.doocti.AdminTestCase.ConfigurationTest" name="configTC015" time="3.349"/>
  <testcase classname="org.doocti.AdminTestCase.ConfigurationTest" name="configTC016" time="2.394"/>
  <testcase classname="org.doocti.AdminTestCase.ConfigurationTest" name="configTC017" time="1.782"/>
  <testcase classname="org.doocti.AdminTestCase.ConfigurationTest" name="configTC018" time="3.029"/>
  <testcase classname="org.doocti.AdminTestCase.ConfigurationTest" name="configTC019" time="3.04"/>
  <testcase classname="org.doocti.AdminTestCase.ConfigurationTest" name="configTC020" time="3.43"/>
  <testcase classname="org.doocti.AdminTestCase.ConfigurationTest" name="configTC021" time="4.968"/>
  <testcase classname="org.doocti.AdminTestCase.ConfigurationTest" name="configTC022" time="2.122"/>
  <testcase classname="org.doocti.AdminTestCase.ConfigurationTest" name="configTC031" time="0.0">
    <ignored/>
  </testcase> <!-- configTC031 -->
  <testcase classname="org.doocti.AdminTestCase.ConfigurationTest" name="configTC032" time="0.0">
    <ignored/>
  </testcase> <!-- configTC032 -->
  <testcase classname="org.doocti.AdminTestCase.ConfigurationTest" name="configTC030" time="0.0">
    <ignored/>
  </testcase> <!-- configTC030 -->
  <testcase classname="org.doocti.AdminTestCase.ConfigurationTest" name="configTC033" time="0.0">
    <ignored/>
  </testcase> <!-- configTC033 -->
  <testcase classname="org.doocti.AdminTestCase.ConfigurationTest" name="configTC028" time="0.0">
    <ignored/>
  </testcase> <!-- configTC028 -->
  <testcase classname="org.doocti.AdminTestCase.ConfigurationTest" name="configTC029" time="0.0">
    <ignored/>
  </testcase> <!-- configTC029 -->
  <testcase classname="org.doocti.AdminTestCase.ConfigurationTest" name="configTC027" time="0.0">
    <ignored/>
  </testcase> <!-- configTC027 -->
  <testcase classname="org.doocti.AdminTestCase.ConfigurationTest" name="configTC038" time="0.0">
    <ignored/>
  </testcase> <!-- configTC038 -->
  <testcase classname="org.doocti.AdminTestCase.ConfigurationTest" name="configTC035" time="0.0">
    <ignored/>
  </testcase> <!-- configTC035 -->
  <testcase classname="org.doocti.AdminTestCase.ConfigurationTest" name="configTC024" time="0.0">
    <ignored/>
  </testcase> <!-- configTC024 -->
  <testcase classname="org.doocti.AdminTestCase.ConfigurationTest" name="configTC036" time="0.0">
    <ignored/>
  </testcase> <!-- configTC036 -->
  <testcase classname="org.doocti.AdminTestCase.ConfigurationTest" name="configTC025" time="0.0">
    <ignored/>
  </testcase> <!-- configTC025 -->
  <testcase classname="org.doocti.AdminTestCase.ConfigurationTest" name="configTC034" time="0.0">
    <ignored/>
  </testcase> <!-- configTC034 -->
  <testcase classname="org.doocti.AdminTestCase.ConfigurationTest" name="configTC023" time="0.0">
    <ignored/>
  </testcase> <!-- configTC023 -->
  <testcase classname="org.doocti.AdminTestCase.ConfigurationTest" name="configTC026" time="0.0">
    <ignored/>
  </testcase> <!-- configTC026 -->
  <testcase classname="org.doocti.AdminTestCase.ConfigurationTest" name="configTC037" time="0.0">
    <ignored/>
  </testcase> <!-- configTC037 -->
  <testcase classname="org.doocti.AdminTestCase.ConfigurationTest" name="configTC009" time="0.0">
    <ignored/>
  </testcase> <!-- configTC009 -->
</testsuite> <!-- Config Test -->
