<?xml version="1.0" encoding="UTF-8"?>
<!-- Generated by org.testng.reporters.JUnitXMLReporter -->
<testsuite ignored="3" hostname="DESKTOP-AJNVIH5" failures="0" tests="30" name="Config Test" time="117.432" errors="0" timestamp="2024-03-20T10:11:41 IST">
  <testcase classname="org.doocti.AdminTestCase.ConfigurationTest" name="configTC007" time="4.15"/>
  <testcase classname="org.doocti.AdminTestCase.ConfigurationTest" name="configTC008" time="5.068"/>
  <testcase classname="org.doocti.AdminTestCase.ConfigurationTest" name="configTC010" time="3.9"/>
  <testcase classname="org.doocti.AdminTestCase.ConfigurationTest" name="configTC011" time="3.832"/>
  <testcase classname="org.doocti.AdminTestCase.ConfigurationTest" name="configTC012" time="4.79"/>
  <testcase classname="org.doocti.AdminTestCase.ConfigurationTest" name="configTC013" time="6.058"/>
  <testcase classname="org.doocti.AdminTestCase.ConfigurationTest" name="configTC014" time="3.75"/>
  <testcase classname="org.doocti.AdminTestCase.ConfigurationTest" name="configTC015" time="3.672"/>
  <testcase classname="org.doocti.AdminTestCase.ConfigurationTest" name="configTC016" time="3.283"/>
  <testcase classname="org.doocti.AdminTestCase.ConfigurationTest" name="configTC017" time="2.717"/>
  <testcase classname="org.doocti.AdminTestCase.ConfigurationTest" name="configTC018" time="5.148"/>
  <testcase classname="org.doocti.AdminTestCase.ConfigurationTest" name="configTC019" time="6.584"/>
  <testcase classname="org.doocti.AdminTestCase.ConfigurationTest" name="configTC020" time="4.0"/>
  <testcase classname="org.doocti.AdminTestCase.ConfigurationTest" name="configTC021" time="6.974"/>
  <testcase classname="org.doocti.AdminTestCase.ConfigurationTest" name="configTC022" time="4.142"/>
  <testcase classname="org.doocti.AdminTestCase.ConfigurationTest" name="configTC023" time="2.374"/>
  <testcase classname="org.doocti.AdminTestCase.ConfigurationTest" name="configTC024" time="1.51"/>
  <testcase classname="org.doocti.AdminTestCase.ConfigurationTest" name="configTC025" time="2.061"/>
  <testcase classname="org.doocti.AdminTestCase.ConfigurationTest" name="configTC026" time="2.15"/>
  <testcase classname="org.doocti.AdminTestCase.ConfigurationTest" name="configTC027" time="2.289"/>
  <testcase classname="org.doocti.AdminTestCase.ConfigurationTest" name="configTC028" time="1.676"/>
  <testcase classname="org.doocti.AdminTestCase.ConfigurationTest" name="configTC029" time="1.655"/>
  <testcase classname="org.doocti.AdminTestCase.ConfigurationTest" name="configTC030" time="6.089"/>
  <testcase classname="org.doocti.AdminTestCase.ConfigurationTest" name="configTC031" time="2.161"/>
  <testcase classname="org.doocti.AdminTestCase.ConfigurationTest" name="configTC032" time="2.119"/>
  <testcase classname="org.doocti.AdminTestCase.ConfigurationTest" name="configTC033" time="1.339"/>
  <testcase classname="org.doocti.AdminTestCase.ConfigurationTest" name="configTC034" time="1.48"/>
  <testcase classname="org.doocti.AdminTestCase.ConfigurationTest" name="configTC035" time="1.99"/>
  <testcase classname="org.doocti.AdminTestCase.ConfigurationTest" name="configTC036" time="2.232"/>
  <testcase classname="org.doocti.AdminTestCase.ConfigurationTest" name="configTC037" time="2.411"/>
  <testcase classname="org.doocti.AdminTestCase.ConfigurationTest" name="configTC039" time="0.0">
    <ignored/>
  </testcase> <!-- configTC039 -->
  <testcase classname="org.doocti.AdminTestCase.ConfigurationTest" name="configTC038" time="0.0">
    <ignored/>
  </testcase> <!-- configTC038 -->
  <testcase classname="org.doocti.AdminTestCase.ConfigurationTest" name="configTC009" time="0.0">
    <ignored/>
  </testcase> <!-- configTC009 -->
</testsuite> <!-- Config Test -->
