<?xml version="1.0" encoding="UTF-8"?>
<!-- Generated by org.testng.reporters.JUnitXMLReporter -->
<testsuite ignored="2" hostname="DESKTOP-AJNVIH5" failures="0" tests="13" name="UserGroupTest" time="86.188" errors="0" timestamp="2024-03-21T12:56:04 IST">
  <testcase classname="org.doocti.AdminTestCase.UsersGroupTest" name="usergroupTC050" time="6.757"/>
  <testcase classname="org.doocti.AdminTestCase.UsersGroupTest" name="usergroupTC051" time="12.607"/>
  <testcase classname="org.doocti.AdminTestCase.UsersGroupTest" name="usergroupTC052" time="3.411"/>
  <testcase classname="org.doocti.AdminTestCase.UsersGroupTest" name="usergroupTC053" time="4.006"/>
  <testcase classname="org.doocti.AdminTestCase.UsersGroupTest" name="usergroupTC054" time="8.792"/>
  <testcase classname="org.doocti.AdminTestCase.UsersGroupTest" name="usergroupTC055" time="3.597"/>
  <testcase classname="org.doocti.AdminTestCase.UsersGroupTest" name="usergroupTC056" time="5.766"/>
  <testcase classname="org.doocti.AdminTestCase.UsersGroupTest" name="usergroupTC057" time="3.231"/>
  <testcase classname="org.doocti.AdminTestCase.UsersGroupTest" name="usergroupTC060" time="3.331"/>
  <testcase classname="org.doocti.AdminTestCase.UsersGroupTest" name="usergroupTC061" time="6.51"/>
  <testcase classname="org.doocti.AdminTestCase.UsersGroupTest" name="usergroupTC062" time="1.777"/>
  <testcase classname="org.doocti.AdminTestCase.UsersGroupTest" name="usergroupTC063" time="1.963"/>
  <testcase classname="org.doocti.AdminTestCase.UsersGroupTest" name="usergroupTC064" time="2.927"/>
  <testcase classname="org.doocti.AdminTestCase.UsersGroupTest" name="usergroupTC059" time="0.0">
    <ignored/>
  </testcase> <!-- usergroupTC059 -->
  <testcase classname="org.doocti.AdminTestCase.UsersGroupTest" name="usergroupTC058" time="0.0">
    <ignored/>
  </testcase> <!-- usergroupTC058 -->
</testsuite> <!-- UserGroupTest -->
