<?xml version="1.0" encoding="UTF-8"?>
<!-- Generated by org.testng.reporters.JUnitXMLReporter -->
<testsuite ignored="0" hostname="DESKTOP-AJNVIH5" failures="0" tests="6" name="Login Test" time="101.536" errors="0" timestamp="2024-03-19T11:58:03 IST">
  <testcase classname="org.doocti.AdminTestCase.LoginTest" name="LoginTC001" time="18.301"/>
  <testcase classname="org.doocti.AdminTestCase.LoginTest" name="LoginTC002" time="16.172"/>
  <testcase classname="org.doocti.AdminTestCase.LoginTest" name="LoginTC003" time="15.863"/>
  <testcase classname="org.doocti.AdminTestCase.LoginTest" name="LoginTC004" time="17.894"/>
  <testcase classname="org.doocti.AdminTestCase.LoginTest" name="LoginTC005" time="16.821"/>
  <testcase classname="org.doocti.AdminTestCase.LoginTest" name="LoginTC006" time="16.401"/>
</testsuite> <!-- Login Test -->
